<?xml version="1.0" encoding="UTF-8"?>
<testsuites name="Mocha Tests" time="7.399" tests="4" failures="0">
  <testsuite name="Root Suite" timestamp="2025-01-20T14:16:54" tests="0" file="cypress/e2e/firstTest.spec.js" time="0.000" failures="0">
  </testsuite>
  <testsuite name="test backend" timestamp="2025-01-20T14:16:54" tests="4" time="7.390" failures="0">
    <testcase name="test backend verify correct request and response" time="3.804" classname="verify correct request and response">
    </testcase>
    <testcase name="test backend verify popular tags are displayed" time="0.424" classname="verify popular tags are displayed">
    </testcase>
    <testcase name="test backend testing like article display" time="0.593" classname="testing like article display">
    </testcase>
    <testcase name="test backend delete a new article in a global feed" time="2.515" classname="delete a new article in a global feed">
    </testcase>
  </testsuite>
</testsuites>